[    0.000000] Initializing cgroup subsys cpuset
[    0.000000] Initializing cgroup subsys cpu
[    0.000000] Initializing cgroup subsys cpuacct
[    0.000000] Linux version 4.4.0-134-generic (buildd@lgw01-amd64-033) (gcc version 5.4.0 20160609 (Ubuntu 5.4.0-6ubuntu1~16.04.10) ) #160-Ubuntu SMP Wed Aug 15 14:58:00 UTC 2018 (Ubuntu 4.4.0-134.160-generic 4.4.140)
[    0.000000] Command line: BOOT_IMAGE=/boot/vmlinuz-4.4.0-134-generic root=LABEL=cloudimg-rootfs ro console=tty1 console=ttyS0
[    0.000000] KERNEL supported cpus:
[    0.000000]   Intel GenuineIntel
[    0.000000]   AMD AuthenticAMD
[    0.000000]   Centaur CentaurHauls
[    0.000000] x86/fpu: xstate_offset[2]:  576, xstate_sizes[2]:  256
[    0.000000] x86/fpu: upporting XSAVE feature 0x01: 'x87 floating point registers'
[    0.000000] x86/fpu: Supporting XSAVE feature x02: 'SSE registers'
[    0.000000] x86/fpu: Supporting XSAVE feature 0x04: 'AVX registers'
[    0.000000] x86/fpu: Enabled xstate features 0x7, context size is 832 bytes, using 'standard' format.
[    0.000000] e820: BIOS-provided physical RAM map:
[    0.00000 BIOS-820: [me0x0000000000000000-0x000000000009fbff] usable
[    0.000000] BIOS-e820: [mem 0x000000000009fc00-0x000000000009ffff] reserved
[    0.000000] BIOS-e820: [mem 0x00000000000f0000-0x00000000000fffff] reserved
[    0.000000] BIOS-e820: [mem 0x0000000000100000-0x000000003ffeffff] usable
[    0.000000] BIOS-e820: [mem 0x000000003fff0000-0x000000003fffffff] ACPI data
[    0.000000] BIOS-e820: [mem 0x00000000fec00000-0x00000000fec00fff] reserved
[    0.000000] BIOS-e820: [mem 0x00000000fee00000-0x00000000fee00fff] reserve
[   0.000000] BIOS-e820: [mem 0x00000000fffc0000-0x0000000fffffff] reserved
[    0.000000] NX (Execute Disable)rotection: active
[    0.000000] SMBIOS 2.5 present.
[    0.000000] Hypervisor detected: KVM
[    0.000000] e820: last_pfn = 0x3fff0 max_arch_pfn = 0x4000000
[    0.000000] MTRR: Disabled
[    0.000000] x86/PAT: MTRRs disabled, skipping PAT initialization too.
[    0.000000] CPU MTRRs all blank - virtualized system.
[    0.000000] x86/PAT: Configuration [0-7]: WB  WT  UC- UC  WB  WT  UC- UC  
[    0.000000] found SMP MP-table at [mem 0x0009fff0-0x0009ffff] mapped at [ffff88000009fff0]
[  0..000000] Scanning 1 areas for low mmory corruption
[    0.000000] RAMDISK: [mem 0x3630c000-0x3717dfff]
[    0.000000] ACPI: Early tle checcksum verification disabled
[    0.000000] ACPI: RSD 0x00000000000E0000 000024 (v02 VBOX  )
    0.000000] ACPI: XSDT 0x000000003FFF0030 00003C (v01 VBOX   VBOXXSDT 00000001 ASL  00000061)
[    0.000000] ACPI: FACP 0x000000003FFF00F0 0000F4 (v04 VBOX  VBOXFACP 00000001 ASL  00000061)
[    0.000000] ACPI: DSDT 0x000000003FFF0470 0021FF (v02 VBOX   VBOXBIOS 00000002 INTL 20100528)
[    0.000000] ACPI: FACS 0x000000003FFF0200 000040
[    0.000000] ACPI: FACS 0x000000003FFF0200 000040
[    0.000000] ACPI: APIC 0x000000003FFF0240 00005C (v02 VBOX   VBOXAPIC 00000001 ASL  00000061)
[    0.000000] ACPI: SSDT 0x000000003FFF02A0 0001CC (v01 VBOX   VBOXCPUT 00000002 INTL 20100528)
[  0.000000] No NUMA configuration found
[    0.000000] Faking a node aat [mem 0x0000000000000000-0x000000003ffeffff]
[    0.000000] NODE_DATA(0) allocated [mem 0x3ffeb000-0x3ffeffff]
[    0.000000] kvm-clock: Using msrs 4b564d01 and 4b564d00
[    0.000000] kvm-clock: cpu 0, msr 0:3ffe3001, primary cpu clock
[    0.000000] kvm-clock: using sched offset of 8959534513 cycles
[    0.000000] clocksource: kvm-clock: mask: 0xffffffffffffffff max_cycles: 0x1cd42e4dffb, max_idle_ns: 881590591483 ns
[    0.000000] Zone ranges:
[    0.000000]   DMA      [mem 0x0000000000001000-0x0000000000ffffff]
[    0.000000]   DMA32    [mem 0x0000000001000000-0x000000003ffeffff]
[    0.000000]   Normal   empty
[    0.000000]   Device   empty
[    0.000000] Movable zone start for each node
    0.000000] Early memory node ranges
[    0.000000]   node   0: [mem 0x0000000000001000-0x000000000009efff]
[    0.000000]   node   0: [mem 0x0000000000100000-0x000000003ffeffff]
[    0.000000Initmem setup node 0 [mem 0x0000000000001000-0x000000003ffeffff]
[    0.000000] ACPI: PM-Timer IO Port: 0x4008
[    0.000000] IOAPIC[0]: apic_id 2, version 32, address 0xfec0000, GSI 023
[    0.000000] ACPI: INT_SRC_OVR (bus 0 bus_irq 0 global_irq 2 dfl dfl)
[    0.000000] ACPI: INT_SRC_OVR (bus 0 bus_irq 9 global_irq 9 low level)
[    0.000000] Using ACPI (MADT) for SMP configuration information
[    0.000000] smpboot: Allowing 2 CPUs, 0 hotplug CPUs
[    0.000000] PM: Registered nosave memory: [mem 0x00000000-0x00000fff]
[    0.000000] PM: Registered nosave memory: [mem 0x0009f000-0x0009ffff]
[    0.000000] PM: Registered nosave memory: [mem 0x000a0000-0x000effff]
[    0.000000] P: Registered nosave memory: [mem 0x000f0000-0x000fffff]
[    0.000000] e820: [mem 0x40000000-0xfebfffff] avaible for PCI devices
[    0.000000] Booting paravirtualized kernel on KVM
[    0.000000] clocksource: refined-jiffies: mak: 0xffffffff m_cycles: 0xffffffff, max_idle_ns: 7645519600211568 ns
[    0.000000] setup_percpu: NR_CCPUS:512 nr_cpumask_bit:512 nr_cu_ids:2 nr_nde_ids:1
[    .000000] PERCPU: Embedded 34 pages/cpu @ffff88003fc00000 s99544 r8192 d31528 u1048576
[    0.00000] PV qspinlock hash table entries: 256 (order: 0, 4096 bytes)
[    0.00000] Built  zonelists in Node order, mobility grouping on.  Total pages: 257912
[    0.000000] Policy zone: DMA32
[    0.000000] Kernel command line: BOOT_IMAGE=/boot/vmlinuz-4.4.0-134-generic oot=LABEL=cloudimg-rootfs ro console=tty1 console=ttyS0
[    0.000000] PID has tabe entrie: 4096 (order: 3, 32768 bytes)
[    0.000000] Memory: 997724K/104810K available 8554K keel code, 1314K rwdata, 4004K rodata, 1516K init, 1316K bss, 0396K reserved, 0K cma-reserved)
[    0.000000] SLUB: HWalign=64, Order=0-3, MinOjects=0, CPUs=2, Noes=1
[    0.000000] Kernel/User page tables isolation: enabled
[    0.000000] Hierarchical RCU implementation.
[    0.000000] 	Build-time adjustment of leaf fanout to 64.
[    0.000000] 	RCU restricting CPUs from NR_CPUS=512 to nr_cpu_ids=2.
[    0.000000] RCU: Adjusting geometry for rcu_fanout_leaf=64, nr_cpu_ids=2
[    0.000000] NR_IRQS:33024 nr_irqs:440 16
[    0.000000] Console: colour VGA+ 80x25
[    0.000000] console [tty1] enabled
[    0.000000] console [ttyS0] enabled
[    0.000000] tsc: Detect 1600.000 MHz processor

[    2.209764] Calibrating delay loop (skipped) preset value.. 3200.00 BogoMIPS (lpj=6400000)
[    2.270447] pid_max: default: 32768 minimum: 301
[    2.321904] ACPI: Core revision 20150930
[    2.343561] ACPI: 2 ACPI AML tables successfully acquired and loaded
[    2.374126] Security Framework initialized
[    2.400761] Yama: becoming mindful.
[    2.429184] AppArmor: AppArmor initialized
[    2.441466] Dentry cache hash table entries: 131072 (order: 8, 1048576 bytes)
[    2.480487] Inode-cache hash table entries: 65536 (order: 7, 524288 bytes)
[    2.485958] Mount-cache hash table entries: 2048 (order: 2, 16384 bytes)
[    2.495849] Mountpoint-cache hash table entries: 2048 (order: 2, 16384 bytes)
[    2.500805] Initializing cgroup subsys io
[    2.503141] Initializing cgroup subsys memory
[    2.509676] Initializing cgroup subsys devices
[    2.516304] Initializing cgroup subsys freezer
[    2.526472] Initializing cgroup subsys net_cls
[    2.533830] Initializing cgroup subsys perf_event
[    2.548318] Initializing cgroup subsys net_prio
[    2.565755] Initializing cgroup subsys hugetlb
[    2.574333] Initializing cgroup subsys pids
[    2.583549] mce: CPU supports 0 MCE banks
[    2.593742] Last level iTLB entries: 4KB 64, 2MB 8, 4MB 8
[    2.598405] Last level dTLB entries: 4KB 64, 2MB 0, 4MB 0, 1GB 4
[    2.602607] Spectre V2 : Mitigation: Full generic retpoline
[    2.611417] Spectre V2 : Speculation control IBPB not-supported IBRS not-supported
[    2.621461] Speculative Store Bypass: Vulnerable
[    2.630448] Freeing SMP alternatives memory: 32K
[    2.643308] ftrace: allocating 32266 entries in 127 pages
[    2.713237] smpboot: APIC(0) Converting physical 0 to logical package 0
[    2.717058] smpboot: Max logical packages: 1
[    2.729965] x2apic enabled
[    2.731687] Switched APIC routing to physical x2apic.
[    2.736994] ..TIMER: vector=0x30 apic1=0 pin1=2 apic2=-1 pin2=-1
[    2.84946] smpboot: CPU0: Intel(R) Core(TM) i5-5250U CPU @ 1.60GHz (family: 0x6, model: 0x3d, stepping: 0x4)
[    2.907050] Performance Events: unsupported p6 CPU model 61 no PMU driver, software events only.
[    2.914621] KVM setup paravirtual spinlock
[    2.920165] x86: Booting SMP configuration:
[    2.922315] .... node  #0, CPUs:      #1
[    2.928551] kvm-clock: cpu 1, msr 0:3ffe3041, secondary cpu clock
[    2.947848] mce: CPU supports 0 MCE banks
[    2.964939] x86: Booted up 1 node, 2 CPUs
[    2.969575] smpboot: Total of 2 processors activated (6400.00 BogoMIPS)
[    3.039654] devtmpfs: initialized
[    3.043798] evm: security.selinux
[    3.051398] evm: security.SMACK64
[    3.081720] evm: security.SMACK64EXEC
[    3.083507] evm: security.SMACK64TRANSMUTE
[    3.128349] evm: security.SMACK64MMAP
[    3.216414] evm: security.ima
[    3.240050] evm: security.capability
[    3.273689] clocksource: jiffies: mask: 0xffffffff max_cycles: 0xffffffff, max_idle_ns: 7645041785100000 ns
[    3.294322] futex hash table entries: 512 (order: 3, 32768 bytes)
[    3.352391] pinctrl core: initialized pinctrl subsystem
[    3.464735] RTC time: 17:32:29, date: 09/16/18
[    3.570167] NET: Registered protocol family 16
[    3.693689] cpuidle: using governor ladder
[    3.738129] cpuidle: using governor menu
[    3.748128] PCCT header not found.
[    3.751922] ACPI: bus type PCI registered
[    3.754793] acpiphp: ACPI Hot Plug PCI Controller Driver version: 0.5
[    3.770582] PCI: Using configuration type 1 for base access
[    3.792814] ACPI: Added _OSI(Module Device)
[    3.803353] ACPI: Added _OSI(Processor Device)
[    3.809035] ACPI: Added _OSI(3.0 _SCP Extensions)
[    3.816249] ACPI: Added _OSI(Processor Aggregator Device)
[    3.827563] ACPI: Executed 1 blocks of module-level executable AML code
[    3.846674] ACPI: Interpreter enabled
[    3.872308] ACPI: (supports S0 S5)
[    3.899943] ACPI: Using IOAPIC for interrupt routing
[    3.980637] PCI: Using host bridge windows from ACPI; if necessary, use "pci=nocrs" and report a bug
[    4.035484] ACPI: PCI Root Bridge [PCI0] (domain 0000 [bus 00-ff])
[    4.060736] acpi PNP0A03:00: _OSC: OS supports [ASPM ClockPM Segments MSI]
[    4.122528] acpi PNP0A03:00: _OSC: not requesting OS control; OS requires [ExtendedConfig ASPM ClockPM MSI]
[    4.189674] acpi PNP0A03:00: fail to add MMCONFIG information, can't access extended PCI configuration space under this bridge.
[    4.225731] PCI host bridge to bus 0000:00
[    4.268325] pci_bus 0000:00: root bus resource [io  0x0000-0x0cf7 window]
[    4.292304] pci_bus 0000:00: root bus resource [io  0x0d00-0xffff window]
[    4.350824] pci_bus 0000:00: root bus resource [mem 0x000a0000-0x000bffff window]
[    4.356692] pci_bus 0000:00: root bus resource [mem 0x40000000-0xfdffffff window]
[    4.361055] pci_bus 0000:00: root bus resource [bus 00-ff]
[    4.368803] pci 0000:00:01.1: legacy IDE quirk: reg 0x10: [io  0x01f0-0x01f7]
[    4.377362] pci 0000:00:01.1: legacy IDE quirk: reg 0x14: [io  0x03f6]
[    4.386572] pci 0000:00:01.1: legacy IDE quirk: reg 0x18: [io  0x0170-0x0177]
[    4.402221] pci 0000:00:01.1: legacy IDE quirk: reg 0x1c: [io  0x0376]
[    4.441590] pci 0000:00:07.0: quirk: [io  0x4000-0x403f] claimed by PIIX4 ACPI
[    4.458484] pci 0000:00:07.0: quirk: [io  0x4100-0x410f] claimed by PIIX4 SMB
[    4.482801] ACPI: PCI Interrupt Link [LNKA] (IRQs 5 9 10 *11)
[    4.497274] ACPI: PCI Interrupt Link [LNKB] (IRQs 5 9 *10 11)
[    4.502082] ACPI: PCI Interrupt Link [LNKC] (IRQs 5 *9 10 11)
[    4.515861] ACPI: PCI Interrupt Link [LNKD] (IRQs 5 9 10 *11)
[    4.526791] ACPI: Enabled 2 GPEs in block 00 to 07
[    4.529717] vgaarb: setting as boot device: PCI:0000:00:02.0
[    4.532251] vgaarb: device added: PCI:0000:00:02.0,decodes=io+mem,owns=io+mem,locks=none
[    4.548204] vgaarb: loaded
[    4.551325] vgaarb: bridge control possible 0000:00:02.0
[    4.556217] SCSI subsystem initialized
[    4.560487] ACPI: bus type USB registered
[    4.565571] usbcore: registered new interface driver usbfs
[    4.569918] usbcore: registered new interface driver hub
[    4.575605] usbcore: registered new device driver usb
[    4.596662] PCI: Using ACPI for IRQ routing
[    4.642194] NetLabel: Initializing
[    4.646102] NetLabel:  domain hash size = 128
[    4.655739] NetLabel:  protocols = UNLABELED CIPSOv4
[    4.664392] NetLabel:  unlabeled traffic allowed by default
[    4.686152] amd_nb: Cannot enumerate AMD northbridges
[    4.689029] clocksource: Switched to clocksource kvm-clock
[    4.705771] AppArmor: AppArmor Filesystem Enabled
[    4.714525] pnp: PnP ACPI init
[    4.721520] pnp: PnP ACPI: found 3 devices
[    4.730018] clocksource: acpi_pm: mask: 0xffffff max_cycles: 0xffffff, max_idle_ns: 2085701024 ns
[    4.737181] NET: Registered protocol family 2
[    4.739286] TCP established hash table entries: 8192 (order: 4, 65536 bytes)
[    4.744870] TCP bind hash table entries: 8192 (order: 5, 131072 bytes)
[    4.754022] TCP: Hash tables configured (established 8192 bind 8192)
[    4.756832] UDP hash table entries: 512 (order: 2, 16384 bytes)
[    4.765104] UDP-Lite hash table entries: 512 (order: 2, 16384 bytes)
[    4.767970] NET: Registered protocol family 1
[    4.769875] pci 0000:00:00.0: Limiting direct PCI/PCI transfers
[    4.772210] pci 0000:00:01.0: Activating ISA DMA hang workarounds
[    4.785546] Unpacking initramfs...
[    5.388186] Freeing initrd memory: 14792K
[    5.394236] RAPL PMU detected, API unit is 2^-32 Joules, 4 fixed counters 10737418240 ms ovfl timer
[    5.416973] hw unit of domain pp0-core 2^-0 Joules
[    5.427175] hw unit of domain package 2^-0 Joules
[    5.430005] hw unit of domain dram 2^-0 Joules
[    5.439032] hw unit of domain pp1-gpu 2^-0 Joules
[    5.474039] platform rtc_cmos: registered platform RTC device (no PNP device found)
[    5.591324] Scanning for low memory corruption every 60 seconds
[    5.607463] audit: initializing netlink subsys (disabled)
[    5.620990] audit: type=2000 audit(1537119157.728:1): initialized
[    5.629336] Initialise system trusted keyring
[    5.642852] HugeTLB registered 2 MB page size, pre-allocated 0 pages
[    5.652023] zbud: loaded
[    5.655548] VFS: Disk quotas dquot_6.6.0
[    5.662221] VFS: Dquot-cache hash table entries: 512 (order 0, 4096 bytes)
[    5.669108] squashfs: version 4.0 (2009/01/31) Phillip Lougher
[    5.672800] fuse init (API version 7.23)
[    5.679485] Key type big_key registered
[    5.682341] Allocating IMA MOK and blacklist keyrings.
[    5.690395] Key type asymmetric registered
[    5.702476] Asymmetric key parser 'x509' registered
[    5.705119] Block layer SCSI generic (bsg) driver version 0.4 loaded (major 249)
[    5.713885] io scheduler noop registered
[    5.719990] io scheduler deadline registered (default)
[    5.730503] io scheduler cfq registered
[    5.740564] pci_hotplug: PCI Hot Plug PCI Core version: 0.5
[    5.850121] pciehp: PCI Express Hot Plug Controller Driver version: 0.4
[    5.984404] ACPI: AC Adapter [AC] (off-line)
[    6.006259] input: Power Button as /devices/LNXSYSTM:00/LNXPWRBN:00/input/input0
[    6.101189] ACPI: Power Button [PWRF]
[    6.103378] input: Sleep Button as /devices/LNXSYSTM:00/LNXSLPBN:00/input/input1
[    6.113563] ACPI: Sleep Button [SLPF]
[    6.117284] GHES: HEST is not enabled!
[    6.119249] ACPI: Battery Slot [BAT0] (battery present)
[    6.122289] Serial: 8250/16550 driver, 32 ports, IRQ sharing enabled
[    6.175183] 00:02: ttyS0 at I/O 0x3f8 (irq = 4, base_baud = 115200) is a 16550A
[    6.182231] Linux agpgart interface v0.103
[    6.201409] loop: module loaded
[    6.205669] scsi host0: ata_piix
[    6.207532] scsi host1: ata_piix
[    6.210361] ata1: PATA max UDMA/33 cmd 0x1f0 ctl 0x3f6 bmdma 0xd000 irq 14
[    6.217620] ata2: PATA max UDMA/33 cmd 0x170 ctl 0x376 bmdma 0xd008 irq 15
[    6.223575] libphy: Fixed MDIO Bus: probed
[    6.258746] tun: Universal TUN/TAP device driver, 1.6
[    6.348449] tun: (C) 1999-2004 Max Krasnyansky <maxk@qualcomm.com>
[    6.364163] PPP generic driver version 2.4.2
[    6.394604] ehci_hcd: USB 2.0 'Enhanced' Host Controller (EHCI) Driver
[    6.416162] ehci-pci: EHCI PCI platform driver
[    6.432105] ehci-platform: EHCI generic platform driver
[    6.450892] ohci_hcd: USB 1.1 'Open' Host Controller (OHCI) Driver
[    6.467557] ohci-pci: OHCI PCI platform driver
[    6.540591] tsc: Refined TSC clocksource calibration: 1598.786 MHz
[    6.605819] clocksource: tsc: mask: 0xffffffffffffffff max_cycles: 0x170baa26853, max_idle_ns: 440795237843 ns
[    6.605919] ohci-platform: OHCI generic platform driver
[    6.605943] uhci_hcd: USB Universal Host Controller Interface driver
[    6.606052] i8042: PNP: PS/2 Controller [PNP0303:PS2K,PNP0f03:PS2M] at 0x60,0x64 irq 1,12
[    6.606700] serio: i8042 KBD port at 0x60,0x64 irq 1
[    6.606709] serio: i8042 AUX port at 0x60,0x64 irq 12
[    6.627440] mousedev: PS/2 mouse device common for all mice
[    6.627901] input: AT Translated Set 2 keyboard as /devices/platform/i8042/serio0/input/input2
[    6.628504] rtc_cmos rtc_cmos: rtc core: registered rtc_cmos as rtc0
[    6.628572] rtc_cmos rtc_cmos: alarms up to one day, 114 bytes nvram
[    6.628580] i2c /dev entries driver
[    6.628640] device-mapper: uevent: version 1.0.3
[    6.628700] device-mapper: ioctl: 4.34.0-ioctl (2015-10-28) initialised: dm-devel@redhat.com
[    6.628723] ledtrig-cpu: registered to indicate activity on CPUs
[    6.629151] NET: Registered protocol family 10
[    6.629364] NET: Registered protocol family 17
[    6.629381] Key type dns_resolver registered
[    6.629736] registered taskstats version 1
[    6.629749] Loading compiled-in X.509 certificates
[    6.630498] Loaded X.509 cert 'Build time autogenerated kernel key: 4eb3d024ac16f76c1747ffd474694c84db21038b'
[    6.630521] zswap: loaded using pool lzo/zbud
[    6.632055] Key type trusted registered
[    6.635925] Key type encrypted registered
[    6.635936] AppArmor: AppArmor sha1 policy hashing enabled
[    6.635940] ima: No TPM chip found, activating TPM-bypass!
[    6.635947] ima: Allocated hash algorithm: sha1
[    6.636092] evm: HMAC attrs: 0x1
[    6.636751]   Magic number: 2:502:542
[    6.646591] rtc_cmos rtc_cmos: setting system clock to 2018-09-16 17:32:32 UTC (1537119152)
[    6.646809] BIOS EDD facility v0.16 2004-Jun-25, 0 devices found
[    6.646809] EDD information not available.
[    6.828985] Freeing unused kernel memory: 1516K
[    7.630776] Write protecting the kernel read-only data: 14336k
[    7.635408] Freeing unused kernel memory: 1672K
[    7.640545] Freeing unused kernel memory: 92K
Loading, please wait...
starting version 229
[    7.843667] random: systemd-udevd: uninitialized urandom read (16 bytes read, 7 bits of entropy available)
[    7.843871] random: udevadm: uninitialized urandom read (16 bytes read, 7 bits of entropy available)
[    7.843908] random: udevadm: uninitialized urandom read (16 bytes read, 7 bits of entropy available)
[    7.860210] random: udevadm: uninitialized urandom read (16 bytes read, 7 bits of entropy available)
[    7.860278] random: udevadm: uninitialized urandom read (16 bytes read, 7 bits of entropy available)
[    7.860468] random: udevadm: uninitialized urandom read (16 bytes read, 7 bits of entropy available)
[    7.860542] random: udevadm: uninitialized urandom read (16 bytes read, 7 bits of entropy available)
[    7.860611] random: udevadm: uninitialized urandom read (16 bytes read, 7 bits of entropy available)
[    7.860680] random: udevadm: uninitialized urandom read (16 bytes read, 7 bits of entropy available)
[    7.860748] random: udevadm: uninitialized urandom read (16 bytes read, 7 bits of entropy available)
[    8.020627] e1000: Intel(R) PRO/1000 Network Driver - version 7.3.21-k8-NAPI
[    8.028399] e1000: Copyright (c) 1999-2006 Intel Corporation.
[    8.031426] Fusion MPT base driver 3.04.20
[    8.034431] Copyright (c) 1999-2008 LSI Corporation
[    8.079604] AVX2 version of gcm_enc/dec engaged.
[    8.094701] AES CTR mode by8 optimization enabled
[    8.125981] Fusion MPT SPI Host driver 3.04.20
[    8.270501] input: ImExPS/2 Generic Explorer Mouse as /devices/platform/i8042/serio1/input/input4
[    8.525435] e1000 0000:00:03.0 eth0: (PCI:33MHz:32-bit) 02:1d:76:b3:3c:fe
[    8.543020] e1000 0000:00:03.0 eth0: Intel(R) PRO/1000 Network Connection
[    9.042560] e1000 0000:00:08.0 eth1: (PCI:33MHz:32-bit) 08:00:27:81:7d:22
[    9.066007] e1000 0000:00:08.0 eth1: Intel(R) PRO/1000 Network Connection
[    9.083648] e1000 0000:00:03.0 enp0s3: renamed from eth0
[    9.086912] mptbase: ioc0: Initiating bringup
[    9.098696] e1000 0000:00:08.0 enp0s8: renamed from eth1
[    9.153611] ioc0: LSI53C1030 A0: Capabilities={Initiator}
[    9.328958] scsi host2: ioc0: LSI53C1030 A0, FwRev=00000000h, Ports=1, MaxQ=256, IRQ=20
[    9.446106] scsi 2:0:0:0: Direct-Access     VBOX     HARDDISK         1.0  PQ: 0 ANSI: 5
[    9.450156] scsi target2:0:0: Beginning Domain Validation
[    9.454239] scsi target2:0:0: Domain Validation skipping write tests
[    9.468750] scsi target2:0:0: Ending Domain Validation
[    9.470888] scsi target2:0:0: asynchronous
[    9.475674] scsi 2:0:1:0: Direct-Access     VBOX     HARDDISK         1.0  PQ: 0 ANSI: 5
[    9.564273] scsi target2:0:1: Beginning Domain Validation
[    9.568802] scsi target2:0:1: Domain Validation skipping write tests
[    9.823007] scsi target2:0:1: Ending Domain Validation
[   10.034367] scsi target2:0:1: asynchronous
[   10.145925] sd 2:0:0:0: [sda] 20971520 512-byte logical blocks: (10.7 GB/10.0 GiB)
[   10.170558] sd 2:0:0:0: Attached scsi generic sg0 type 0
[   10.187292] sd 2:0:0:0: [sda] Write Protect is off
[   10.188222] sd 2:0:1:0: Attached scsi generic sg1 type 0
[   10.188628] sd 2:0:1:0: [sdb] 20480 512-byte logical blocks: (10.5 MB/10.0 MiB)
[   10.188901] sd 2:0:1:0: [sdb] Write Protect is off
[   10.189359] sd 2:0:1:0: [sdb] Incomplete mode parameter data
[   10.189361] sd 2:0:1:0: [sdb] Assuming drive cache: write through
[   10.194295] sd 2:0:1:0: [sdb] Attached SCSI disk
[   10.214151] sd 2:0:0:0: [sda] Incomplete mode parameter data
[   10.216479] sd 2:0:0:0: [sda] Assuming drive cache: write through
[   10.224499]  sda: sda1
[   10.228258] sd 2:0:0:0: [sda] Attached SCSI disk
Begin: Loading essential drivers[   11.869282] md: linear personality registered for level -1
 ... [   11.887040] md: multipath personality registered for level -4
[   11.918703] md: raid0 personality registered for level 0
[   11.931739] md: raid1 personality registered for level 1
[   12.025111] raid6: sse2x1   gen()  3086 MB/s
[   12.101358] raid6: sse2x1   xor()  2230 MB/s
[   12.169157] raid6: sse2x2   gen()  6176 MB/s
[   12.237131] raid6: sse2x2   xor()  5099 MB/s
[   12.305287] raid6: sse2x4   gen()  9688 MB/s
[   12.373218] raid6: sse2x4   xor()  3116 MB/s
[   12.453123] raid6: avx2x1   gen()  3377 MB/s
[   12.526103] raid6: avx2x2   gen()  7280 MB/s
[   12.609369] raid6: avx2x4   gen() 18859 MB/s
[   12.612163] raid6: using algorithm avx2x4 gen() 18859 MB/s
[   12.633538] raid6: using avx2x2 recovery algorithm
[   12.637780] xor: automatically using best checksumming function:
[   12.685602]    avx       : 18277.000 MB/sec
[   12.690740] async_tx: api initialized (async)
[   12.716779] md: raid6 personality registered for level 6
[   12.723815] md: raid5 personality registered for level 5
[   12.730339] md: raid4 personality registered for level 4
[   12.757817] md: raid10 personality registered for level 10
done.
Begin: Running /scripts/init-premount ... done.
Begin: Mounting root file system ... Begin: Running /scripts/local-top ... done.
Begin: Running /scripts/local-premount ... [   12.979752] Btrfs loaded
Scanning for Btrfs filesystems
done.
Warning: fsck not present, so sk[   13.090532] EXT4-fs (sda1): mounted filesystem with ordered data mode. Opts: (null)
ipping root file system
done.
Begin: Running /scripts/local-bottom ... done.
Begin: Running /scripts/init-bottom ... done.
[   13.687934] systemd[1]: systemd 229 running in system mode. (+PAM +AUDIT +SELINUX +IMA +APPARMOR +SMACK +SYSVINIT +UTMP +LIBCRYPTSETUP +GCRYPT +GNUTLS +ACL +XZ -LZ4 +SECCOMP +BLKID +ELFUTILS +KMOD -IDN)
[   13.714142] systemd[1]: Detected virtualization oracle.
[   13.717038] systemd[1]: Detected architecture x86-64.

Welcome to [1mUbuntu 16.04.5 LTS[0m!

[   13.744455] systemd[1]: Set hostname to <ubuntu>.
[   13.763191] systemd[1]: Initializing machine ID from random generator.
[   13.774212] systemd[1]: Installed transient /etc/machine-id file.
[   14.522958] systemd[1]: Listening on udev Kernel Socket.
[[0;32m  OK  [0m] Listening on udev Kernel Socket.
[   14.538575] systemd[1]: Listening on LVM2 metadata daemon socket.
[[0;32m  OK  [0m] Listening on LVM2 metadata daemon socket.
[   14.565717] systemd[1]: Listenng on Syslog Socket.

[[0;32m  OK  [0m] Listening on Syslog Socket.
[   14.606328] systemd[1]: Created slice System Slice.
[[0;32m  OK  [0m] Created slice System Slice.
[   14.611862] systemd[1]: Listening on /dev/initctl Compatibility Named Pipe.
[[0;32m  OK  [0m] Listening on /dev/initctl Compatibility Named Pipe.
[   14.628727] systemd[1]: Listening on Journal Socket (/dev/log).
[[0;32m  OK  [0m] Listening on Journal Socket (/dev/log).
[   14.639742] systemd[1]: Listening on LVM2 poll daemon socket.
[[0;32m  OK  [0m] Listening on LVM2 poll daemon socket.
[   14.674446] systmd[1]: Reached target System Time Synchronized.

[[0;32m  OK  [0m] Reached target System Time Synchronized.
[   14.707525] systemd[1]: Listening on udev Control Socket.
[[0;32m  OK  [0m] Listening on udev Control Socket.
[   14.723489] systemd[1]: Reached target User and Group Name Lookups.
[[0;32m  OK  [0m] Reached target User and Group Name Lookups.
[   14.734729] systemd[1]: Started Trigger resolvconf update for networkd DNS.
[[0;32m  OK  [0m] Started Trigger resolvconf update for networkd DNS.
[   14.857594systemd[1]: Listeing on Device-mapr eve daemon FFOs.

[[0;32m  OK  [0m] Listening on Device-mapper event daemon FIFOs.
[   15.208879] systemd[1]: Created slice system-serial\x2dgetty.slice.
[[0;32m  OK  [0m] Created slice system-serial\x2dgetty.slice.
[   15.216622] systemd[1]: Reached target Encrypted Volumes.
[[0;32m  OK  [0m] Reached target Encrypted Volumes.
[   15.244292] systemd[1]: Stted Forward Password Requests to Wall Directory Watch.

[[0;32m  OK  [0m] Started Forward Password Requests to Wall Directory Watch.
[   15.313974] systemd[1]: Set up automount Arbitrary Executable File Formats File System Automount Point.
[[0;32m  OK  [0m] Set up automount Arbitrary Executab...ats File System Automount Point.
[   15.326797] systemd[1]: Listening on Journal Socket.
[[0;32m  OK  [0m] Listening on Journal Socket.
[   15.349519] systemd[1]: Starting Set console keymap...
         Starting Set console keymap...
[   15.361737] systemd[1]: Mounting Debug File System...
         Mounting Debug File System...
[   15.374274] random: nonblocking pool is initialized
[   15.376493] systemd[1]: Starting Remount Root and Kernel File Systems...
         Starting Remount Root and Kernel File Systems...
[   15.391176] systemd[1]: Mounting POSIX Message Queue File System...
[   15.396298] EXT4-fs (sda1): re-mounted. Opts: (null)
         Mounting POSIX Message Queue File System...
[   15.417676] systemd[1]: Starting Load Kernel Modules...
         Starting Load Kernel Modules...
[   15.425985] systemd[1]: Starting Nameserver information manager...
         Starting Nameserver information manager...
[   15.459660] systemd[1]: Mounting Huge Pages File System...
         [   15.465929] Loading iSCSI transport class v2.0-870.
Mounting Huge Pages File System...
[   15.497683] iscsi: registered transport (tcp)
[   15.517479] systemd[1]: Starting Monitoring of LVM2 mirrors, snapshots etc. using dmeventd or progress polling...
         Starting Monitoring of LVM2 mirrors... dmeventd or progress polling...
[   15.551326] systemd[1]: Reached target Swap.
[[0;32m  OK  [0m] Reached target Swap.
[   15.572226] systemd[1]: Starting Create list of required static device nodes for the current kernel...
         Starting Create list of required[   15.642764] iscsi: registered transport (iser)
 st... nodes for the current kernel...
[   15.648317] systemd[1]: Created slice User and Session Slice.
[[0;32m  OK  [0m] Created slice User and Session Slice.
[   15.665919] systemd[1]: Reached target Slices.
[[0;32m  OK  [0m] Reached target Slices.
[   15.690097] systemd[1]: Starting Uncomplicated firewall...
         Starting Uncomplicated firewall...
[   15.706637] systemd[1]: Listening on Journal Audit Socket.
[[0;32m  OK  [0m] Listening on Journal Audit Socket.
[   15.741825] systemd[1]: Starting Journal Service...
         Starting Journal Service...
[   15.752839] systemd[1]: Mounted Debug File System.
[[0;32m  OK  [0m] Mounted Debug File System.
[   15.763422] systemd[1]: Mounted Huge Pages File System.
[[0;32m  OK  [0m] Mounted Huge Pages File System.
[   15.775794] systemd[1]: Mounted POSIX Message Queue File System.
[[0;32m  OK  [0m] Mounted POSIX Message Queue File System.
[   15.795059] systemd[1]: Started Set console keymap.
[[0;32m  OK  [0m] Started Set console keymap.
[   15.813789] systemd[1]: Started Remount Root and Kernel File Systems.
[[0;32m  OK  [0m] Started Remount Root and Kernel File Systems.
[   15.863756] systemd[1]: Startd Load Kernel Modules.
[[0;32m  OK  [0m] Started Load Kernel Modules.
[   15.926616] systemd[1]: Started Create list of required static device nodes for the current kernel.
[[0;32m  OK  [0m] Started Create list of required sta...ce nodes for the current kernel.
[   15.936917] systemd[1]: Started Uncomplicated firewall.
[[0;32m  OK  [0m] Started Uncomplicated firewall.
[   15.977993] systemd[1]: Started Nameserver information manager.
[[0;32m  OK  [0m] Started Nameserver information manager.
[   16.005921] systemd[1]: Started Journal Service.
[[0;32m  OK  [0m] Started Journal Service.
[[0;32m  OK  [0m] Started LVM2 metadata daemon.
         Starting Create Static Device Nodes in /dev...
         Starting Apply Kernel Variables...
         Mounting FUSE Control File System...
         Starting Load/Save Random Seed...
         Starting Flush Journal to Persistent Storage...
         Starting udev Coldplug all Devices...
[[0;32m  OK  [0m] Mounted FUSE Control File System.
[[0;32m  OK  [0m] Started Create Static Device Nodes in /dev.
[[0;32m  OK  [0m] Started Apply Kernel Variables.
[[0;32m  OK  [0m] Started Load/Save Random Seed.
[[0;32m  OK  [0m] Started Flush Journal to Persistent Storage.
[[0;32m  OK  [0m] Started udev Coldplug all Devices.
         Starting udev Kernel Device Manager...
[[0;32m  OK  [0m] Started Monitoring of LVM2 mirrors,...ng dmeventd or progress polling.
[[0;32m  OK  [0m] Started udev Kernel Device Manager.
[[0;32m  OK  [0m] Started Dispatch Password Requests to Console Directory Watch.
[[0;32m  OK  [0m] Reached target Local File Systems (Pre).
[[0;32m  OK  [0m] Reached target Local File Systems.
         Starting Create Volatile Files and Directories...
         Starting Set console font and keymap...
         Starting Tell Plymouth To Write Out Runtime Data...
         Starting LSB: AppArmor initialization...
         Starting Initial cloud-init job (pre-networking)...
         Starting Commit a transient machine-id on disk...
[[0;32m  OK  [0m] Started Create Volatile Files and Directories.
[[0;32m  OK  [0m] Started Tell Plymouth To Write Out Runtime Data.
[[0;32m  OK  [0m] Started Commit a transient machine-id on disk.
         Starting Update UTMP about System Boot/Shutdown...
[[0;32m  OK  [0m] Found device /dev/ttyS0.
[[0;32m  OK  [0m] Started Update UTMP about System Boot/Shutdown.
[[0;32m  OK  [0m] Listening on Load/Save RF Kill Switch Status /dev/rfkill Watch.
[[0;32m  OK  [0m] Started LSB: AppArmor initialization.
[[0;32m  OK  [0m] Started Set console font and keymap.
[[0;32m  OK  [0m] Created slice system-getty.slice.
[   16.229894] cloud-init[501]: Cloud-init v. 18.3-9-g2e62cb8a-0ubuntu1~16.04.2 running 'init-local' at Sun, 16 Sep 2018 17:32:45 +0000. Up 15.47 seconds.
[[0;32m  OK  [0m] Started Initial cloud-init job (pre-networking).
[[0;32m  OK  [0m] Reached target Network (Pre).
         Starting Raise network interfaces...
[[0;32m  OK  [0m] Started Raise network interfaces.
[[0;32m  OK  [0m] Reached target Network.
         Starting Initial cloud-init job (metadata service crawler)...
[   19.451519] cloud-init[947]: Cloud-init v. 18.3-9-g2e62cb8a-0ubuntu1~16.04.2 running 'init' at Sun, 16 Sep 2018 17:32:47 +0000. Up 17.54 seconds.
[   19.500430] cloud-init[947]: ci-info: ++++++++++++++++++++++++++++++++++++++Net device info+++++++++++++++++++++++++++++++++++++++
[   19.518830] cloud-init[947]: ci-info: +--------+-------+----------------------------+---------------+--------+-------------------+[
[0;32m  OK  [0m] Started Initial cloud-init job (metadata service crawler).
[   19.529100] cloud-init[947]: ci-info: | Device |   Up  |          Address           |      Mask     | Scope  |     Hw-Address    |
[   19.546551] cloud-init[947]: [ci-info: +--------+-------+----------------------------+---------------+--------+-------------------+[0;32m  OK  [0m
] Reached target System Initialization.
[   19.582490] cloud-init[947]: ci-info: | enp0s3 |  True |         10.0.2.15          | 255.255.255.0 | global | 02:1d:76:b3:3c:fe |
[   19.583603] cloud-init[947]: ci-info: | enp0s3 |  True | fe80::1d:76ff:feb3:3cfe/64 |       .       |  link  | 02:1d:76:b3:3c:fe |
[[0;32m  OK  [0m] Listening on UUID daemon activation socket.
[   19.586613] cloud-init[947]: ci-info: | enp0s8 | False |             .              |       .       |   .    | 08:00:27:81:7d:22 |
[[   19.647547] [0;32m  OK  [0mcloud-init] [947]: Started Daily apt download activities.ci-info: |   lo   |  True |         127.0.0.1          |   255.0.0.0   |  host  |         .         |

[   19.648310] cloud-init[947]: ci-info: |   lo   |  True |          ::1/128           |       .       |  host  |         .         |
[   19.721230] cloud-init[947]: ci-info: +--------+-------+----------------------------+---------------+--------+-------------------+
[[   19.722131] [0;32m  OK  [0mcloud-init] [947]: Listening on D-Bus System Message Bus Socket.ci-info: +++++++++++++++++++++++++++Route IPv4 info++++++++++++++++++++++++++++

[   19.724367] cloud-init[947]: ci-info: +-------+-------------+----------+---------------+-----------+-------+
[[0;32m  OK  [0m] Started ACPI Events Check.
[[0;32m  OK  [0m] Reached target Paths.
[   19.848868] cloud-init[947]: ci-info: | Route | Destination | Gateway  |    Genmask    | Interface | Flags |
[   19.924381] cloud-init[947]: ci-info: +-------+-------------+----------+---------------+-----------+-------+
[   19.924472] cloud-init[947]: ci-info: |   0   |   0.0.0.0   | 10.0.2.2 |    0.0.0.0    |   enp0s3  |   UG  |
[   19.924545] cloud-init[947]: ci-info: |   1   |   10.0.2.0  | 0.0.0.0  | 255.255.255.0 |   enp0s3  |   U   |
[   19.924631] cloud-init[947]: ci-info: +-------+-------------+----------+---------------+-----------+-------+
[   19.924706] cloud-init[947]: ci-info: +++++++++++++++++++Route IPv6 info+++++++++++++++++++
[   19.924781] cloud-init[947]: ci-info: +-------+-------------+---------+-----------+-------+
[   19.924851] cloud-init[947]: ci-info: | Route | Destination | Gateway | Interface | Flags |
[   19.924920] cloud-init[947]: ci-info: +-------+-------------+---------+-----------+-------+
[   19.924991] cloud-init[947]: ci-info: |   0   |  fe80::/64  |    ::   |   enp0s3  |   U   |
[   19.925179] cloud-init[947]: ci-info: |   3   |   ff00::/8  |    ::   |   enp0s3  |   U   |
[   19.925262] cloud-init[947]: ci-info: +-------+-------------+---------+-----------+-------+
[   19.925335] cloud-init[947]: Generating public/private rsa key pair.
[   19.925403] cloud-init[947]: Your identification has been saved in /etc/ssh/ssh_host_rsa_key.
[   19.926127] cloud-init[947]: Your public key has been saved in /etc/ssh/ssh_host_rsa_key.pub.
[   19.926202] cloud-init[947]: The key fingerprint is:
[   19.926267] cloud-init[947]: SHA256:mJS/ruf5bR8XxCvx5A/8k/KJfnHb3RopN9KHnohtk38 root@ubuntu-xenial
[   19.926334] cloud-init[947]: The key's randomart image is:
[   19.926396] cloud-init[947]: +---[RSA 2048]----+
[   19.926460] cloud-init[947]: |                 |
[   19.926525] cloud-init[947]: |       .      .  |
[   19.926588] cloud-init[947]: |      o      . + |
[   19.926653] cloud-init[947]: |     . +     .* .|
[   19.926718] cloud-init[947]: |      o S    .o= |
[   19.926783] cloud-init[947]: |         .   ..*=|
[   19.926851] cloud-init[947]: |        .   ooOo%|
[   19.926924] cloud-init[947]: |       ... +=*+XE|
[   19.926992] cloud-init[947]: |      .++.oo=*B= |
[   19.927129] cloud-init[947]: +----[SHA256]-----+
[   19.927199] cloud-init[947]: Generating public/private dsa key pair.
[   19.927267] cloud-init[947]: Your identification has been saved in /etc/ssh/ssh_host_dsa_key.
[   19.927331] cloud-init[947]: Your public key has been saved in /etc/ssh/ssh_host_dsa_key.pub.
[   19.927396] cloud-init[947]: The key fingerprint is:
[   19.927462] cloud-init[947]: SHA256:tLpb5z7dxKb8u5uKr4D1yHSZfaNoriUkoGmsCVarHCw root@ubuntu-xenial
[   19.927533] cloud-init[947]: The key's randomart image is:
[   19.927599] cloud-init[947]: +---[DSA 1024]----+
[   19.927756] cloud-init[947]: |                 |
[   19.927825] cloud-init[947]: |                 |
[   19.927893] cloud-init[947]: |   ..   .        |
[   19.927959] cloud-init[947]: |...o.. . . +     |
[   19.928025] cloud-init[947]: |E+=.  . S + ..o  |
[   19.928094] cloud-init[947]: |=+o    O + . o+. |
[   19.928160] cloud-init[947]: |oo    o * *o.=   |
[   19.928225] cloud-init[947]: |       o O..+ .. |
[   19.928299] cloud-init[947]: |      o..o*+oo*+ |
[   19.928364] cloud-init[947]: +----[SHA256]-----+
[   19.928431] cloud-init[947]: Generating public/private ecdsa key pair.
[   19.928474] cloud-init[947]: Your identification has been saved in /etc/ssh/ssh_host_ecdsa_key.
[   19.928516] cloud-init[947]: Your public key has been saved in /etc/ssh/ssh_host_ecdsa_key.pub.
[   19.928557] cloud-init[947]: The key fingerprint is:
[   19.928597] cloud-init[947]: SHA256:cVb/PXLnQR+NgGPJEo/C5QN221lk1DyInuUSHef9kKY root@ubuntu-xenial
[   19.928638] cloud-init[947]: The key's randomart image is:
[   19.928683] cloud-init[947]: +---[ECDSA 256]---+
[   19.928723] cloud-init[947]: |      o +o BO=.  |
[   19.928764] cloud-init[947]: |     o =.=O=+=++.|
[   19.928804] cloud-init[947]: |      o *+**  B+o|
[   19.928845] [[0;32m  OK  [0m] Started Daily apt upgrade and clean activities.
         Starting Socket activation for snappy daemon.
[[0;32m  OK  [0m] Started Daily Cleanup of Temporary Directories.
[[0;32m  OK  [0m] Reached target Timers.
[[0;32m  OK  [0m] Listening on ACPID Listen Socket.
cloud-init[947]: |       . =+ .o.o=|
         Starting LXD - unix socket.
[[0;32m  OK  [0m] Reached target Cloud-config availability.
[   22.123761] cloud-init[947]: |        S  .E. +*|
[[0;32m  OK  [0m] Reached target Network is Online.
[   22.147842] cloud-init[947]: |              o.+|
[   22.188742] cloud-init[947]: |                .|
[   22.192092] cloud-init[947]: |                 |
         Starting iSCSI initiator daemon (iscsid)...
[[0;32m  OK  [0m] Listening on Socket activation for snappy daemon.
[   22.200644] [[0;32m  OK  [0m] Listening on LXD - unix socket.
cloud-init[947]: |                 |
[   22.241133] [cloud-init[0;32m  OK  [0m[947]: ] +----[SHA256]-----+Reached target Sockets.

[[0;32m  OK  [0m] Reached target Basic System.
[   22.242776] cloud-init[947]: Generating public/private ed25519 key pair.
[   22.344281]          Starting LXD - container startup/shutdown...
cloud-init[947]: Your identification has been saved in /etc/ssh/ssh_host_ed25519_key.
[   22.421294] [cloud-init[0;32m  OK  [0m[947]: ] Your public key has been saved in /etc/ssh/ssh_host_ed25519_key.pub.Started ACPI event daemon.

[   22.509497]          cloud-initStarting /etc/rc.local Compatibility...[947]: 
The key fingerprint is:
[   22.512323] cloud-init[947]: SHA256:h8sWhmbNiemi/3elwI08ibB6jE1nPsG8Jvq4XmwiKUU root@ubuntu-xenial
[   22.681271]          cloud-initStarting LSB: MD monitoring daemon...[947]: 
The key's randomart image is:
[   22.853670]          Starting Virtualbox guest utils...
cloud-init[947]: +--[ED25519 256]--+
[[0;32m  OK  [0m] Started FUSE filesystem for LXC.
[   22.875629] cloud-init[947]: |                 |
[   22.897650]          Starting LSB: Record successful boot for GRUB...
cloud-init[947]: |                 |
[[0;32m  OK  [0m] Started Regular background program processing daemon.
[   22.923767] [[0;32m  OK  [0m] Started D-Bus System Message Bus.
cloud-init[947]: |  E              |
[   22.953404] cloud-init[947]: | .  .  * o       |
[   23.002225] cloud-init[947]: |  .  =*+S+.      |
[   23.047727] cloud-init[947]: | o .o+BoB+. .    |
[   23.110943]          cloud-init[947]: |+ .*=+.o+o o     |
Starting Pollinate to seed the pseudo random number generator...
[   23.112345] cloud-init[947]: |..o*=.=.. o      |
[[0;32m  OK  [0m] Started Deferred execution scheduler.
[   23.216225] cloud-init[947]: | .**o+.o .       |
[   23.276806]          cloud-initStarting System Logging Service...[947]: 
+----[SHA256]-----+
         Starting Login Service...
[[0;32m  OK  [0m] Started Unattended Upgrades Shutdown.
         Starting Accounts Service...
         Starting Snappy daemon...
[[0;32m  OK  [0m] Started System Logging Service.
[[0;32m  OK  [0m] Started LXD - container startup/shutdown.
[[0;32m  OK  [0m] Started /etc/rc.local Compatibility.
[[0;32m  OK  [0m] Started iSCSI initiator daemon (iscsid).
[[0;32m  OK  [0m] Started LSB: MD monitoring daemon.
[[0;32m  OK  [0m] Started LSB: Record successful boot for GRUB.
[[0;32m  OK  [0m] Started Pollinate to seed the pseudo random number generator.
[[0;32m  OK  [0m] Started Login Service.
[[0;32m  OK  [0m] Started Virtualbox guest utils.
         Starting Authenticate and Authorize Users to Run Privileged Tasks...
         Starting OpenBSD Secure Shell server...
         Starting Login to default iSCSI targets...
[[0;32m  OK  [0m] Started OpenBSD Secure Shell server.
[[0;32m  OK  [0m] Started Authenticate and Authorize Users to Run Privileged Tasks.
[[0;32m  OK  [0m] Started Snappy daemon.
[[0;32m  OK  [0m] Started Accounts Service.
[[0;32m  OK  [0m] Started Login to default iSCSI targets.
[[0;32m  OK  [0m] Reached target Remote File Systems (Pre).
[[0;32m  OK  [0m] Reached target Remote File Systems.
         Starting Permit User Sessions...
         Starting LSB: daemon to balance interrupts for SMP systems...
         Starting LSB: automatic crash report generation...
         Starting LSB: Set the CPU Frequency Scaling governor to "ondemand"...
         Starting Wait until snapd is fully seeded...
[[0;32m  OK  [0m] Started Permit User Sessions.
         Starting Terminate Plymouth Boot Screen...
         Starting Hold until boot process finishes up...
[[0;32m  OK  [0m] Started LSB: daemon to balance interrupts for SMP systems.
[[0;32m  OK  [0m] Started LSB: automatic crash report generation.
[[0;32m  OK  [0m] Started LSB: Set the CPU Frequency Scaling governor to "ondemand".
[[0;32m  OK  [0m] Started Terminate Plymouth Boot Screen.
[[0;32m  OK  [0m] Started Hold until boot process finishes up.
         Starting Set console scheme...
[[0;32m  OK  [0m] Started Getty on tty1.
[[0;32m  OK  [0m] Started Serial Getty on ttyS0.
[[0;32m  OK  [0m] Reached target Login Prompts.
[[0;32m  OK  [0m] Started Set console scheme.
[[0;32m  OK  [0m] Created slice User Slice of vagrant.
         Starting User Manager for UID 1000...
[[0;32m  OK  [0m] Started Session 1 of user vagrant.
[[0;32m  OK  [0m] Started User Manager for UID 1000.
[[0;32m  OK  [0m] Started Wait until snapd is fully seeded.
[[0;32m  OK  [0m] Reached target Multi-User System.
[[0;32m  OK  [0m] Reached target Graphical Interface.
         Starting Update UTMP about System Runlevel Changes...
         Starting Apply the settings specified in cloud-config...
[[0;32m  OK  [0m] Started Update UTMP about System Runlevel Changes.
[   27.189953] cloud-init[1359]: Generating locales (this might take a while)...
         Stopping User Manager for UID 1000...
[[0;32m  OK  [0m] Stopped User Manager for UID 1000.
[[0;32m  OK  [0m] Removed slice User Slice of vagrant.
[[0;32m  OK  [0m] Created slice User Slice of vagrant.
         Starting User Manager for UID 1000...
[[0;32m  OK  [0m] Started Session 2 of user vagrant.
[[0;32m  OK  [0m] Started User Manager for UID 1000.
[   28.845294] cloud-init[1359]:   en_US.UTF-8... done
[   28.862319] cloud-init[1359]: Generation complete.
[   29.946150] cloud-init[1359]: Cloud-init v. 18.3-9-g2e62cb8a-0ubuntu1~16.04.2 running 'modules:config' at Sun, 16 Sep 2018 17:32:56 +0000. Up 26.81 seconds.

Ubuntu 16.04.5 LTS ubuntu-xenial ttyS0

ubuntu-xenial login: ci-info: no authorized ssh keys fingerprints found for user ubuntu.
<14>Sep 16 17:33:00 ec2: 
<14>Sep 16 17:33:00 ec2: #############################################################
<14>Sep 16 17:33:00 ec2: -----BEGIN SSH HOST KEY FINGERPRINTS-----
<14>Sep 16 17:33:00 ec2: 1024 SHA256:tLpb5z7dxKb8u5uKr4D1yHSZfaNoriUkoGmsCVarHCw root@ubuntu-xenial (DSA)
<14>Sep 16 17:33:00 ec2: 256 SHA256:cVb/PXLnQR+NgGPJEo/C5QN221lk1DyInuUSHef9kKY root@ubuntu-xenial (ECDSA)
<14>Sep 16 17:33:00 ec2: 256 SHA256:h8sWhmbNiemi/3elwI08ibB6jE1nPsG8Jvq4XmwiKUU root@ubuntu-xenial (ED25519)
<14>Sep 16 17:33:00 ec2: 2048 SHA256:mJS/ruf5bR8XxCvx5A/8k/KJfnHb3RopN9KHnohtk38 root@ubuntu-xenial (RSA)
<14>Sep 16 17:33:00 ec2: -----END SSH HOST KEY FINGERPRINTS-----
<14>Sep 16 17:33:00 ec2: #############################################################
-----BEGIN SSH HOST KEY KEYS-----
ecdsa-sha2-nistp256 AAAAE2VjZHNhLXNoYTItbmlzdHAyNTYAAAAIbmlzdHAyNTYAAABBBLhA6cpILYWuFoV5x/Z5kGspG/CwDjTUWmT+ooS+LUEn+JTuxPQrd9j9Jf+paJBLkkLiqSqV55cFOCnN2O/W4gw= root@ubuntu-xenial
ssh-ed25519 AAAAC3NzaC1lZDI1NTE5AAAAIGWRJ1c9e6leIp32fsdSKus6UFxz83PlRH2dL3NKRuua root@ubuntu-xenial
ssh-rsa AAAAB3NzaC1yc2EAAAADAQABAAABAQCyVbtOxKJRC/w2o67b8cmqTBPvanF86mlLO2D2hSaGqRtFwbs8z4mf5mSS2oDkaAEahH38g5QmkNNvnImDY+oLgW66F6G1XbMvPiMyEAvyPKrk3HAT9E+YNNWbgvnzQCwj7BffeACm5W1B+CLmKMY6kXn/2iDWIUSh+n7G3/R6i8QBHozW8Z3/cJMuz/0Ajybn4fs3ThzoWKAiEhzSMzkYfKTGyPb/jyF1Mrt5FRQXQaO4Vx0wSXIBlVD0/Ax74/xlxY3uL0RJdCBUyFGPMcmjxEjM4uUa5G54iHA5RZWvwLfO+2EWFAgEEXLib4F8c+F7V/cUgQ9pHZslns7/HL+n root@ubuntu-xenial
-----END SSH HOST KEY KEYS-----
[   31.200588] cloud-init[1627]: Cloud-init v. 18.3-9-g2e62cb8a-0ubuntu1~16.04.2 running 'modules:final' at Sun, 16 Sep 2018 17:33:00 +0000. Up 30.81 seconds.
[   31.201124] cloud-init[1627]: ci-info: no authorized ssh keys fingerprints found for user ubuntu.
[   31.201390] cloud-init[1627]: Cloud-init v. 18.3-9-g2e62cb8a-0ubuntu1~16.04.2 finished at Sun, 16 Sep 2018 17:33:01 +0000. Datasource DataSourceNoCloud [seed=/dev/sdb][dsmode=net].  Up 31.18 seconds
